<?xml version="1.0" encoding="UTF-8"?>
<!-- Generated by org.testng.reporters.JUnitXMLReporter -->
<testsuite hostname="ATMECSINDT-050" name="Test1" tests="1" failures="1" timestamp="30 Jun 2016 09:59:15 GMT" time="28.749" errors="0">
  <testcase name="test on [AddFoodMedicine passed=0 failed=0 skipped=0]" time="3.204" classname="com.atmecs.glucko.testscripts.AddFoodMedicine">
    <failure type="org.openqa.selenium.NoSuchElementException" message="An element could not be located on the page using the given search parameters. (WARNING: The server did not provide any stacktrace information)
Command duration or timeout: 535 milliseconds
For documentation on this error, please visit: http://seleniumhq.org/exceptions/no_such_element.html
Build info: version: &amp;apos;2.53.0&amp;apos;, revision: &amp;apos;35ae25b1534ae328c771e0856c93e187490ca824&amp;apos;, time: &amp;apos;2016-03-15 10:43:46&amp;apos;
System info: host: &amp;apos;ATMECSINDT-050&amp;apos;, ip: &amp;apos;10.11.20.11&amp;apos;, os.name: &amp;apos;Windows 7&amp;apos;, os.arch: &amp;apos;amd64&amp;apos;, os.version: &amp;apos;6.1&amp;apos;, java.version: &amp;apos;1.8.0_92&amp;apos;
Driver info: io.appium.java_client.android.AndroidDriver
Capabilities [{appPackage=com.glooko.logbook, noReset=true, dontStopAppOnReset=null, language=null, locale=null, deviceName=192.168.56.101:5555, fullReset=false, platform=LINUX, desired={app=null, appPackage=com.glooko.logbook, orientation=null, noReset=true, dontStopAppOnReset=null, appiumVersion=null, appWaitPackage=null, appWaitActivity=null, language=null, locale=null, deviceName=Android, launchTimeout=null, fullReset=false, appActivity=com.glooko.logbook.activity.FtueActivity, newCommandTimeout=60*5, platformVersion=5.X, browserName=, platformName=Android}, newCommandTimeout=60*5, platformVersion=5.1, webStorageEnabled=false, browserName=, takesScreenshot=true, javascriptEnabled=true, platformName=Android, app=null, networkConnectionEnabled=true, orientation=null, warnings={}, appiumVersion=null, appWaitPackage=null, appWaitActivity=null, databaseEnabled=false, launchTimeout=null, appActivity=com.glooko.logbook.activity.FtueActivity, locationContextEnabled=false}]
Session ID: 09d50cf7-e941-46b5-800f-616bc1534c6e
*** Element info: {Using=id, value=com.glooko.logbook:id/note_food_field}">
      <![CDATA[org.openqa.selenium.NoSuchElementException: An element could not be located on the page using the given search parameters. (WARNING: The server did not provide any stacktrace information)
Command duration or timeout: 535 milliseconds
For documentation on this error, please visit: http://seleniumhq.org/exceptions/no_such_element.html
Build info: version: '2.53.0', revision: '35ae25b1534ae328c771e0856c93e187490ca824', time: '2016-03-15 10:43:46'
System info: host: 'ATMECSINDT-050', ip: '10.11.20.11', os.name: 'Windows 7', os.arch: 'amd64', os.version: '6.1', java.version: '1.8.0_92'
Driver info: io.appium.java_client.android.AndroidDriver
Capabilities [{appPackage=com.glooko.logbook, noReset=true, dontStopAppOnReset=null, language=null, locale=null, deviceName=192.168.56.101:5555, fullReset=false, platform=LINUX, desired={app=null, appPackage=com.glooko.logbook, orientation=null, noReset=true, dontStopAppOnReset=null, appiumVersion=null, appWaitPackage=null, appWaitActivity=null, language=null, locale=null, deviceName=Android, launchTimeout=null, fullReset=false, appActivity=com.glooko.logbook.activity.FtueActivity, newCommandTimeout=60*5, platformVersion=5.X, browserName=, platformName=Android}, newCommandTimeout=60*5, platformVersion=5.1, webStorageEnabled=false, browserName=, takesScreenshot=true, javascriptEnabled=true, platformName=Android, app=null, networkConnectionEnabled=true, orientation=null, warnings={}, appiumVersion=null, appWaitPackage=null, appWaitActivity=null, databaseEnabled=false, launchTimeout=null, appActivity=com.glooko.logbook.activity.FtueActivity, locationContextEnabled=false}]
Session ID: 09d50cf7-e941-46b5-800f-616bc1534c6e
*** Element info: {Using=id, value=com.glooko.logbook:id/note_food_field}
	at org.openqa.selenium.remote.ErrorHandler.createThrowable(ErrorHandler.java:206)
	at org.openqa.selenium.remote.ErrorHandler.throwIfResponseFailed(ErrorHandler.java:158)
	at org.openqa.selenium.remote.RemoteWebDriver.execute(RemoteWebDriver.java:678)
	at io.appium.java_client.DefaultGenericMobileDriver.execute(DefaultGenericMobileDriver.java:43)
	at io.appium.java_client.AppiumDriver.execute(AppiumDriver.java:1)
	at io.appium.java_client.android.AndroidDriver.execute(AndroidDriver.java:1)
	at org.openqa.selenium.remote.RemoteWebDriver.findElement(RemoteWebDriver.java:363)
	at org.openqa.selenium.remote.RemoteWebDriver.findElementById(RemoteWebDriver.java:413)
	at io.appium.java_client.DefaultGenericMobileDriver.findElementById(DefaultGenericMobileDriver.java:59)
	at io.appium.java_client.AppiumDriver.findElementById(AppiumDriver.java:1)
	at io.appium.java_client.android.AndroidDriver.findElementById(AndroidDriver.java:1)
	at com.atmecs.glucko.testfunction.AddNoteForCurrentDay.addNoteForCurrentDate(AddNoteForCurrentDay.java:31)
	at com.atmecs.glucko.testscripts.AddFoodMedicine.test(AddFoodMedicine.java:69)
	at com.atmecs.falcon.automation.appium.executor.MyTestExecutor.runMethodParallel(MyTestExecutor.java:312)
	at com.atmecs.falcon.automation.appium.executor.MyTestExecutor.runMethodParallelAppium(MyTestExecutor.java:369)
	at com.atmecs.falcon.automation.appium.manager.ParallelThread.runner(ParallelThread.java:202)
	at com.atmecs.falcon.automation.appium.manager.Runner.testApp(Runner.java:17)
	at com.atmecs.glucko.runner.TestNGRunner.main(TestNGRunner.java:60)
	at org.codehaus.mojo.exec.ExecJavaMojo$1.run(ExecJavaMojo.java:294)
	at java.lang.Thread.run(Thread.java:745)
... Removed 29 stack frames]]>
    </failure>
  </testcase> <!-- test on [AddFoodMedicine passed=0 failed=0 skipped=0] -->
</testsuite> <!-- Test1 -->
