<?xml version="1.0" encoding="UTF-8"?>
<!-- Generated by org.testng.reporters.JUnitXMLReporter -->
<testsuite hostname="ATMECSINDT-050" name="Test2" tests="1" failures="0" timestamp="1 Jul 2016 06:23:26 GMT" time="0.055" errors="0">
  <testcase name="@BeforeMethod startApp" time="0.0" classname="com.atmecs.glooko.testscripts.Statistics">
    <failure type="java.lang.NullPointerException">
      <![CDATA[java.lang.NullPointerException
	at com.atmecs.falcon.automation.appium.manager.AppiumParallelTest.startAppiumServerInParallel(AppiumParallelTest.java:666)
	at com.atmecs.falcon.automation.appium.manager.UserBaseTest.startApp(UserBaseTest.java:52)
	at com.atmecs.falcon.automation.appium.executor.MyTestExecutor.runMethodParallel(MyTestExecutor.java:312)
	at com.atmecs.falcon.automation.appium.executor.MyTestExecutor.runMethodParallelAppium(MyTestExecutor.java:369)
	at com.atmecs.falcon.automation.appium.manager.ParallelThread.runner(ParallelThread.java:202)
	at com.atmecs.falcon.automation.appium.manager.Runner.testApp(Runner.java:17)
	at com.atmecs.glooko.runner.TestNGRunner.main(TestNGRunner.java:60)
	at org.codehaus.mojo.exec.ExecJavaMojo$1.run(ExecJavaMojo.java:294)
	at java.lang.Thread.run(Thread.java:745)
... Removed 27 stack frames]]>
    </failure>
  </testcase> <!-- @BeforeMethod startApp -->
  <testcase name="@AfterMethod killServer" time="0.0" classname="com.atmecs.glooko.testscripts.Statistics">
    <failure type="java.lang.NullPointerException">
      <![CDATA[java.lang.NullPointerException
	at com.atmecs.falcon.automation.appium.manager.AppiumParallelTest.endLogTestResults(AppiumParallelTest.java:504)
	at com.atmecs.falcon.automation.appium.manager.UserBaseTest.killServer(UserBaseTest.java:42)
	at com.atmecs.falcon.automation.appium.executor.MyTestExecutor.runMethodParallel(MyTestExecutor.java:312)
	at com.atmecs.falcon.automation.appium.executor.MyTestExecutor.runMethodParallelAppium(MyTestExecutor.java:369)
	at com.atmecs.falcon.automation.appium.manager.ParallelThread.runner(ParallelThread.java:202)
	at com.atmecs.falcon.automation.appium.manager.Runner.testApp(Runner.java:17)
	at com.atmecs.glooko.runner.TestNGRunner.main(TestNGRunner.java:60)
	at org.codehaus.mojo.exec.ExecJavaMojo$1.run(ExecJavaMojo.java:294)
	at java.lang.Thread.run(Thread.java:745)
... Removed 27 stack frames]]>
    </failure>
  </testcase> <!-- @AfterMethod killServer -->
  <testcase name="@AfterClass afterClass" time="0.0" classname="com.atmecs.glooko.testscripts.Statistics">
    <failure type="java.lang.NullPointerException">
      <![CDATA[java.lang.NullPointerException
	at com.atmecs.falcon.automation.appium.manager.AppiumManager.destroyAppiumNode(AppiumManager.java:113)
	at com.atmecs.falcon.automation.appium.manager.AppiumParallelTest.killAppiumServer(AppiumParallelTest.java:541)
	at com.atmecs.falcon.automation.appium.manager.UserBaseTest.afterClass(UserBaseTest.java:26)
	at com.atmecs.falcon.automation.appium.executor.MyTestExecutor.runMethodParallel(MyTestExecutor.java:312)
	at com.atmecs.falcon.automation.appium.executor.MyTestExecutor.runMethodParallelAppium(MyTestExecutor.java:369)
	at com.atmecs.falcon.automation.appium.manager.ParallelThread.runner(ParallelThread.java:202)
	at com.atmecs.falcon.automation.appium.manager.Runner.testApp(Runner.java:17)
	at com.atmecs.glooko.runner.TestNGRunner.main(TestNGRunner.java:60)
	at org.codehaus.mojo.exec.ExecJavaMojo$1.run(ExecJavaMojo.java:294)
	at java.lang.Thread.run(Thread.java:745)
... Removed 25 stack frames]]>
    </failure>
  </testcase> <!-- @AfterClass afterClass -->
  <testcase name="@AfterTest afterTest" time="0.0" classname="com.atmecs.glooko.testscripts.Statistics">
    <skipped/>
  </testcase> <!-- @AfterTest afterTest -->
  <testcase name="testStatisticsData on [Statistics passed=0 failed=0 skipped=0]" time="0.001" classname="com.atmecs.glooko.testscripts.Statistics">
    <skipped/>
  </testcase> <!-- testStatisticsData on [Statistics passed=0 failed=0 skipped=0] -->
</testsuite> <!-- Test2 -->
