<?xml version="1.0" encoding="UTF-8"?>
<testng-results skipped="0" failed="0" total="2" passed="2">
  <reporter-output>
    <line>
      <![CDATA[Tap on the add note button]]>
    </line>
    <line>
      <![CDATA[Adding Food name]]>
    </line>
    <line>
      <![CDATA[Adding quantity of carbs]]>
    </line>
    <line>
      <![CDATA[Adding Medicine quantity]]>
    </line>
    <line>
      <![CDATA[Saving Food and Medicine]]>
    </line>
    <line>
      <![CDATA[Tap on left menu]]>
    </line>
    <line>
      <![CDATA[Tap on Day View in left side menu]]>
    </line>
    <line>
      <![CDATA[Tap on the Food and medicine below the graph]]>
    </line>
    <line>
      <![CDATA[Get the medicine quantity from the graph: 200.00]]>
    </line>
    <line>
      <![CDATA[Get the carbs Quantity from graph: 200]]>
    </line>
    <line>
      <![CDATA[Get the Medicine quantity from history]]>
    </line>
    <line>
      <![CDATA[Get the Food quantity from history]]>
    </line>
    <line>
      <![CDATA[Verifying Food and Medicine Quntity between graph and history ]]>
    </line>
    <line>
      <![CDATA[Medicine Quantity From history: 200.00]]>
    </line>
    <line>
      <![CDATA[Medicine Quantity From Graph: 200.00]]>
    </line>
    <line>
      <![CDATA[Food Quantity From history: 200]]>
    </line>
    <line>
      <![CDATA[Food Quantity From Graph: 200]]>
    </line>
    <line>
      <![CDATA[Adding for the given date]]>
    </line>
    <line>
      <![CDATA[Date added successfully]]>
    </line>
    <line>
      <![CDATA[Time added successfully]]>
    </line>
    <line>
      <![CDATA[Adding Food name]]>
    </line>
    <line>
      <![CDATA[Adding quantity of carbs]]>
    </line>
    <line>
      <![CDATA[Adding Medicine quantity]]>
    </line>
    <line>
      <![CDATA[Saving Food and Medicine]]>
    </line>
    <line>
      <![CDATA[Tap on left menu]]>
    </line>
    <line>
      <![CDATA[Tap on Day View in left side menu]]>
    </line>
    <line>
      <![CDATA[Tap on the Food and medicine below the graph]]>
    </line>
    <line>
      <![CDATA[Get the medicine quantity from the graph: 100.00]]>
    </line>
    <line>
      <![CDATA[Get the carbs Quantity from graph: 100]]>
    </line>
    <line>
      <![CDATA[Get the Medicine quantity from history]]>
    </line>
    <line>
      <![CDATA[Get the Food quantity from history]]>
    </line>
    <line>
      <![CDATA[Verifying Food and Medicine Quntity between graph and history ]]>
    </line>
    <line>
      <![CDATA[Medicine Quantity From history: 100.00]]>
    </line>
    <line>
      <![CDATA[Medicine Quantity From Graph: 100.00]]>
    </line>
    <line>
      <![CDATA[Food Quantity From history: 100]]>
    </line>
    <line>
      <![CDATA[Food Quantity From Graph: 100]]>
    </line>
    <line>
      <![CDATA[Tap on left menu]]>
    </line>
    <line>
      <![CDATA[Tap on History in left menu]]>
    </line>
    <line>
      <![CDATA[Done Swiping from top to bottom]]>
    </line>
    <line>
      <![CDATA[Deleted the food item from history]]>
    </line>
    <line>
      <![CDATA[Deleted the Medicine item from history]]>
    </line>
    <line>
      <![CDATA[Done Swiping from top to bottom]]>
    </line>
    <line>
      <![CDATA[Deleted the food item from history]]>
    </line>
    <line>
      <![CDATA[Deleted the Medicine item from history]]>
    </line>
  </reporter-output>
  <suite name="Glooko_POC" duration-ms="175683" started-at="2016-07-03T11:43:20Z" finished-at="2016-07-03T11:46:15Z">
    <groups>
    </groups>
    <test name="DayView" duration-ms="150550" started-at="2016-07-03T11:43:20Z" finished-at="2016-07-03T11:45:50Z">
      <class name="com.atmecs.glooko.testscripts.AddFoodMedicine">
        <test-method status="PASS" signature="beforeTest()[pri:0, instance:[AddFoodMedicine passed=0 failed=0 skipped=0]]" name="beforeTest" is-config="true" duration-ms="15" started-at="2016-07-03T17:13:20Z" finished-at="2016-07-03T17:13:20Z">
          <reporter-output>
          </reporter-output>
        </test-method> <!-- beforeTest -->
        <test-method status="PASS" signature="beforeClass()[pri:0, instance:[AddFoodMedicine passed=0 failed=0 skipped=0]]" name="beforeClass" is-config="true" duration-ms="8296" started-at="2016-07-03T17:13:20Z" finished-at="2016-07-03T17:13:28Z">
          <reporter-output>
          </reporter-output>
        </test-method> <!-- beforeClass -->
        <test-method status="PASS" signature="initializer()[pri:0, instance:[AddFoodMedicine passed=0 failed=0 skipped=0]]" name="initializer" is-config="true" duration-ms="203" started-at="2016-07-03T17:13:28Z" finished-at="2016-07-03T17:13:28Z">
          <reporter-output>
          </reporter-output>
        </test-method> <!-- initializer -->
        <test-method status="PASS" signature="startApp(java.lang.reflect.Method)[pri:0, instance:[AddFoodMedicine passed=0 failed=0 skipped=0]]" name="startApp" is-config="true" duration-ms="15661" started-at="2016-07-03T17:13:28Z" finished-at="2016-07-03T17:13:44Z">
          <params>
            <param index="0">
              <value>
                <![CDATA[public void com.atmecs.glooko.testscripts.AddFoodMedicine.test() throws java.lang.Exception]]>
              </value>
            </param>
          </params>
          <reporter-output>
          </reporter-output>
        </test-method> <!-- startApp -->
        <test-method status="PASS" signature="test()[pri:0, instance:[AddFoodMedicine passed=0 failed=0 skipped=0]]" name="test" duration-ms="123745" started-at="2016-07-03T17:13:44Z" finished-at="2016-07-03T17:15:48Z">
          <reporter-output>
            <line>
              <![CDATA[Tap on the add note button]]>
            </line>
            <line>
              <![CDATA[Adding Food name]]>
            </line>
            <line>
              <![CDATA[Adding quantity of carbs]]>
            </line>
            <line>
              <![CDATA[Adding Medicine quantity]]>
            </line>
            <line>
              <![CDATA[Saving Food and Medicine]]>
            </line>
            <line>
              <![CDATA[Tap on left menu]]>
            </line>
            <line>
              <![CDATA[Tap on Day View in left side menu]]>
            </line>
            <line>
              <![CDATA[Tap on the Food and medicine below the graph]]>
            </line>
            <line>
              <![CDATA[Get the medicine quantity from the graph: 200.00]]>
            </line>
            <line>
              <![CDATA[Get the carbs Quantity from graph: 200]]>
            </line>
            <line>
              <![CDATA[Get the Medicine quantity from history]]>
            </line>
            <line>
              <![CDATA[Get the Food quantity from history]]>
            </line>
            <line>
              <![CDATA[Verifying Food and Medicine Quntity between graph and history ]]>
            </line>
            <line>
              <![CDATA[Medicine Quantity From history: 200.00]]>
            </line>
            <line>
              <![CDATA[Medicine Quantity From Graph: 200.00]]>
            </line>
            <line>
              <![CDATA[Food Quantity From history: 200]]>
            </line>
            <line>
              <![CDATA[Food Quantity From Graph: 200]]>
            </line>
            <line>
              <![CDATA[Adding for the given date]]>
            </line>
            <line>
              <![CDATA[Date added successfully]]>
            </line>
            <line>
              <![CDATA[Time added successfully]]>
            </line>
            <line>
              <![CDATA[Adding Food name]]>
            </line>
            <line>
              <![CDATA[Adding quantity of carbs]]>
            </line>
            <line>
              <![CDATA[Adding Medicine quantity]]>
            </line>
            <line>
              <![CDATA[Saving Food and Medicine]]>
            </line>
            <line>
              <![CDATA[Tap on left menu]]>
            </line>
            <line>
              <![CDATA[Tap on Day View in left side menu]]>
            </line>
            <line>
              <![CDATA[Tap on the Food and medicine below the graph]]>
            </line>
            <line>
              <![CDATA[Get the medicine quantity from the graph: 100.00]]>
            </line>
            <line>
              <![CDATA[Get the carbs Quantity from graph: 100]]>
            </line>
            <line>
              <![CDATA[Get the Medicine quantity from history]]>
            </line>
            <line>
              <![CDATA[Get the Food quantity from history]]>
            </line>
            <line>
              <![CDATA[Verifying Food and Medicine Quntity between graph and history ]]>
            </line>
            <line>
              <![CDATA[Medicine Quantity From history: 100.00]]>
            </line>
            <line>
              <![CDATA[Medicine Quantity From Graph: 100.00]]>
            </line>
            <line>
              <![CDATA[Food Quantity From history: 100]]>
            </line>
            <line>
              <![CDATA[Food Quantity From Graph: 100]]>
            </line>
            <line>
              <![CDATA[Tap on left menu]]>
            </line>
            <line>
              <![CDATA[Tap on History in left menu]]>
            </line>
            <line>
              <![CDATA[Done Swiping from top to bottom]]>
            </line>
            <line>
              <![CDATA[Deleted the food item from history]]>
            </line>
            <line>
              <![CDATA[Deleted the Medicine item from history]]>
            </line>
            <line>
              <![CDATA[Done Swiping from top to bottom]]>
            </line>
            <line>
              <![CDATA[Deleted the food item from history]]>
            </line>
            <line>
              <![CDATA[Deleted the Medicine item from history]]>
            </line>
          </reporter-output>
        </test-method> <!-- test -->
        <test-method status="PASS" signature="killServer(org.testng.ITestResult)[pri:0, instance:[AddFoodMedicine passed=0 failed=0 skipped=0]]" name="killServer" is-config="true" duration-ms="1750" started-at="2016-07-03T17:15:48Z" finished-at="2016-07-03T17:15:49Z">
          <params>
            <param index="0">
              <value>
                <![CDATA[[TestResult name=test on [AddFoodMedicine passed=0 failed=0 skipped=0] status=SUCCESS method=AddFoodMedicine.test()[pri:0, instance:[AddFoodMedicine passed=0 failed=0 skipped=0]] output=Tap on the add note button]]]>
              </value>
            </param>
          </params>
          <reporter-output>
          </reporter-output>
        </test-method> <!-- killServer -->
        <test-method status="PASS" signature="deIntializer()[pri:0, instance:[AddFoodMedicine passed=0 failed=0 skipped=0]]" name="deIntializer" is-config="true" duration-ms="0" started-at="2016-07-03T17:15:49Z" finished-at="2016-07-03T17:15:49Z">
          <reporter-output>
          </reporter-output>
        </test-method> <!-- deIntializer -->
        <test-method status="PASS" signature="afterClass()[pri:0, instance:[AddFoodMedicine passed=0 failed=0 skipped=0]]" name="afterClass" is-config="true" duration-ms="848" started-at="2016-07-03T17:15:49Z" finished-at="2016-07-03T17:15:50Z">
          <reporter-output>
          </reporter-output>
        </test-method> <!-- afterClass -->
        <test-method status="PASS" signature="afterTest()[pri:0, instance:[AddFoodMedicine passed=0 failed=0 skipped=0]]" name="afterTest" is-config="true" duration-ms="0" started-at="2016-07-03T17:15:50Z" finished-at="2016-07-03T17:15:50Z">
          <reporter-output>
          </reporter-output>
        </test-method> <!-- afterTest -->
      </class> <!-- com.atmecs.glooko.testscripts.AddFoodMedicine -->
    </test> <!-- DayView -->
    <test name="Test3" duration-ms="25133" started-at="2016-07-03T11:45:50Z" finished-at="2016-07-03T11:46:15Z">
      <class name="com.atmecs.glooko.testscripts.TestScript1">
        <test-method status="PASS" signature="beforeTest()[pri:0, instance:[TestScript1 passed=0 failed=0 skipped=0]]" name="beforeTest" is-config="true" duration-ms="16" started-at="2016-07-03T17:15:50Z" finished-at="2016-07-03T17:15:50Z">
          <reporter-output>
          </reporter-output>
        </test-method> <!-- beforeTest -->
        <test-method status="PASS" signature="beforeClass()[pri:0, instance:[TestScript1 passed=0 failed=0 skipped=0]]" name="beforeClass" is-config="true" duration-ms="7984" started-at="2016-07-03T17:15:50Z" finished-at="2016-07-03T17:15:58Z">
          <reporter-output>
          </reporter-output>
        </test-method> <!-- beforeClass -->
        <test-method status="PASS" signature="startApp(java.lang.reflect.Method)[pri:0, instance:[TestScript1 passed=0 failed=0 skipped=0]]" name="startApp" is-config="true" duration-ms="15366" started-at="2016-07-03T17:15:58Z" finished-at="2016-07-03T17:16:14Z">
          <params>
            <param index="0">
              <value>
                <![CDATA[public void com.atmecs.glooko.testscripts.TestScript1.test()]]>
              </value>
            </param>
          </params>
          <reporter-output>
          </reporter-output>
        </test-method> <!-- startApp -->
        <test-method status="PASS" signature="test()[pri:0, instance:[TestScript1 passed=0 failed=0 skipped=0]]" name="test" duration-ms="0" started-at="2016-07-03T17:16:14Z" finished-at="2016-07-03T17:16:14Z">
          <reporter-output>
          </reporter-output>
        </test-method> <!-- test -->
        <test-method status="PASS" signature="killServer(org.testng.ITestResult)[pri:0, instance:[TestScript1 passed=0 failed=0 skipped=0]]" name="killServer" is-config="true" duration-ms="1518" started-at="2016-07-03T17:16:14Z" finished-at="2016-07-03T17:16:15Z">
          <params>
            <param index="0">
              <value>
                <![CDATA[[TestResult name=test on [TestScript1 passed=0 failed=0 skipped=0] status=SUCCESS method=TestScript1.test()[pri:0, instance:[TestScript1 passed=0 failed=0 skipped=0]] output={null}]]]>
              </value>
            </param>
          </params>
          <reporter-output>
          </reporter-output>
        </test-method> <!-- killServer -->
        <test-method status="PASS" signature="afterClass()[pri:0, instance:[TestScript1 passed=0 failed=0 skipped=0]]" name="afterClass" is-config="true" duration-ms="249" started-at="2016-07-03T17:16:15Z" finished-at="2016-07-03T17:16:15Z">
          <reporter-output>
          </reporter-output>
        </test-method> <!-- afterClass -->
        <test-method status="PASS" signature="afterTest()[pri:0, instance:[TestScript1 passed=0 failed=0 skipped=0]]" name="afterTest" is-config="true" duration-ms="0" started-at="2016-07-03T17:16:15Z" finished-at="2016-07-03T17:16:15Z">
          <reporter-output>
          </reporter-output>
        </test-method> <!-- afterTest -->
      </class> <!-- com.atmecs.glooko.testscripts.TestScript1 -->
    </test> <!-- Test3 -->
  </suite> <!-- Glooko_POC -->
</testng-results>
